TN:
SF:src\middleware\auth.ts
FN:8,requireAuth
FN:27,optionalAuth
FNF:2
FNH:0
FNDA:0,requireAuth
FNDA:0,optionalAuth
DA:9,0
DA:11,0
DA:12,0
DA:13,0
DA:16,0
DA:18,0
DA:19,0
DA:20,0
DA:21,0
DA:23,0
DA:28,0
DA:30,0
DA:31,0
DA:32,0
DA:33,0
DA:34,0
DA:40,0
LF:17
LH:0
BRDA:11,0,0,0
BRDA:11,0,1,0
BRDA:11,1,0,0
BRDA:11,1,1,0
BRDA:30,2,0,0
BRDA:30,2,1,0
BRDA:30,3,0,0
BRDA:30,3,1,0
BRF:8
BRH:0
end_of_record
TN:
SF:src\middleware\rate-limit.ts
FN:13,createRateLimiter
FN:19,(anonymous_1)
FN:33,rateLimitMiddleware
FNF:3
FNH:0
FNDA:0,createRateLimiter
FNDA:0,(anonymous_1)
FNDA:0,rateLimitMiddleware
DA:14,0
DA:15,0
DA:16,0
DA:19,0
DA:20,0
DA:21,0
DA:22,0
DA:23,0
DA:29,0
DA:30,0
DA:33,0
DA:34,0
DA:35,0
DA:37,0
DA:39,0
DA:40,0
DA:41,0
DA:43,0
DA:46,0
DA:47,0
DA:48,0
DA:49,0
DA:50,0
DA:53,0
DA:57,0
DA:58,0
DA:59,0
LF:27
LH:0
BRDA:13,0,0,0
BRDA:14,1,0,0
BRDA:14,1,1,0
BRDA:15,2,0,0
BRDA:15,2,1,0
BRDA:22,3,0,0
BRDA:22,3,1,0
BRDA:29,4,0,0
BRDA:29,4,1,0
BRDA:34,5,0,0
BRDA:34,5,1,0
BRDA:34,5,2,0
BRDA:39,6,0,0
BRDA:39,6,1,0
BRDA:39,7,0,0
BRDA:39,7,1,0
BRDA:46,8,0,0
BRDA:46,8,1,0
BRF:18
BRH:0
end_of_record
TN:
SF:src\services\analytics.ts
FN:22,getDateRange
FN:28,formatDate
FN:32,generateDailyDates
FN:42,randomBetween
FN:46,simulateDailyData
FN:47,(anonymous_5)
FN:55,getTrafficStats
FN:78,(anonymous_7)
FN:79,(anonymous_8)
FN:91,(anonymous_9)
FN:92,(anonymous_10)
FN:102,getPerformanceMetrics
FN:124,(anonymous_12)
FN:125,(anonymous_13)
FN:135,(anonymous_14)
FN:143,(anonymous_15)
FN:144,(anonymous_16)
FN:145,(anonymous_17)
FN:148,(anonymous_18)
FN:151,(anonymous_19)
FN:154,(anonymous_20)
FN:157,percentile
FN:159,(anonymous_22)
FN:169,(anonymous_23)
FN:170,(anonymous_24)
FN:171,(anonymous_25)
FN:176,getErrorStats
FN:198,(anonymous_27)
FN:199,(anonymous_28)
FN:221,(anonymous_29)
FN:223,(anonymous_30)
FN:242,(anonymous_31)
FN:243,(anonymous_32)
FN:259,logRequest
FNF:34
FNH:0
FNDA:0,getDateRange
FNDA:0,formatDate
FNDA:0,generateDailyDates
FNDA:0,randomBetween
FNDA:0,simulateDailyData
FNDA:0,(anonymous_5)
FNDA:0,getTrafficStats
FNDA:0,(anonymous_7)
FNDA:0,(anonymous_8)
FNDA:0,(anonymous_9)
FNDA:0,(anonymous_10)
FNDA:0,getPerformanceMetrics
FNDA:0,(anonymous_12)
FNDA:0,(anonymous_13)
FNDA:0,(anonymous_14)
FNDA:0,(anonymous_15)
FNDA:0,(anonymous_16)
FNDA:0,(anonymous_17)
FNDA:0,(anonymous_18)
FNDA:0,(anonymous_19)
FNDA:0,(anonymous_20)
FNDA:0,percentile
FNDA:0,(anonymous_22)
FNDA:0,(anonymous_23)
FNDA:0,(anonymous_24)
FNDA:0,(anonymous_25)
FNDA:0,getErrorStats
FNDA:0,(anonymous_27)
FNDA:0,(anonymous_28)
FNDA:0,(anonymous_29)
FNDA:0,(anonymous_30)
FNDA:0,(anonymous_31)
FNDA:0,(anonymous_32)
FNDA:0,logRequest
DA:23,0
DA:24,0
DA:25,0
DA:29,0
DA:33,0
DA:34,0
DA:35,0
DA:36,0
DA:37,0
DA:39,0
DA:43,0
DA:47,0
DA:54,0
DA:56,0
DA:57,0
DA:58,0
DA:63,0
DA:65,0
DA:78,0
DA:79,0
DA:80,0
DA:88,0
DA:91,0
DA:92,0
DA:94,0
DA:103,0
DA:104,0
DA:105,0
DA:109,0
DA:110,0
DA:124,0
DA:125,0
DA:126,0
DA:135,0
DA:143,0
DA:144,0
DA:145,0
DA:147,0
DA:148,0
DA:150,0
DA:151,0
DA:153,0
DA:154,0
DA:158,0
DA:159,0
DA:160,0
DA:161,0
DA:164,0
DA:169,0
DA:170,0
DA:171,0
DA:177,0
DA:178,0
DA:179,0
DA:184,0
DA:185,0
DA:198,0
DA:199,0
DA:200,0
DA:201,0
DA:202,0
DA:210,0
DA:221,0
DA:223,0
DA:224,0
DA:225,0
DA:226,0
DA:234,0
DA:242,0
DA:243,0
DA:244,0
DA:248,0
DA:271,0
DA:272,0
LF:74
LH:0
BRDA:23,0,0,0
BRDA:23,0,1,0
BRDA:24,1,0,0
BRDA:24,1,1,0
BRDA:82,2,0,0
BRDA:82,2,1,0
BRDA:83,3,0,0
BRDA:83,3,1,0
BRDA:128,4,0,0
BRDA:128,4,1,0
BRDA:129,5,0,0
BRDA:129,5,1,0
BRDA:130,6,0,0
BRDA:130,6,1,0
BRDA:147,7,0,0
BRDA:147,7,1,0
BRDA:150,8,0,0
BRDA:150,8,1,0
BRDA:153,9,0,0
BRDA:153,9,1,0
BRDA:158,10,0,0
BRDA:158,10,1,0
BRDA:200,11,0,0
BRDA:200,11,1,0
BRDA:201,12,0,0
BRDA:201,12,1,0
BRDA:206,13,0,0
BRDA:206,13,1,0
BRDA:244,14,0,0
BRDA:244,14,1,0
BRDA:278,15,0,0
BRDA:278,15,1,0
BRDA:278,16,0,0
BRDA:278,16,1,0
BRDA:278,17,0,0
BRDA:278,17,1,0
BRDA:279,18,0,0
BRDA:279,18,1,0
BRDA:280,19,0,0
BRDA:280,19,1,0
BRDA:280,20,0,0
BRDA:280,20,1,0
BRF:42
BRH:0
end_of_record
TN:
SF:src\services\auth.ts
FN:10,generateToken
FN:14,generateRefreshToken
FN:18,verifyToken
FNF:3
FNH:3
FNDA:8,generateToken
FNDA:3,generateRefreshToken
FNDA:5,verifyToken
DA:6,1
DA:7,1
DA:8,1
DA:11,8
DA:15,3
DA:19,5
LF:6
LH:6
BRDA:6,0,0,1
BRDA:6,0,1,1
BRDA:7,1,0,1
BRDA:7,1,1,1
BRDA:8,2,0,1
BRDA:8,2,1,1
BRF:6
BRH:6
end_of_record
TN:
SF:src\services\build-cache.ts
FN:27,ensureCacheDir
FN:31,loadCacheIndex
FN:45,saveCacheIndex
FN:56,generateCacheKey
FN:94,checkCache
FN:120,saveCache
FN:186,invalidate
FN:206,getStats
FN:214,(anonymous_8)
FN:226,(anonymous_9)
FN:240,clearAll
FN:257,getDirSize
FN:281,enforceMaxCacheSize
FN:283,(anonymous_13)
FN:290,(anonymous_14)
FNF:15
FNH:0
FNDA:0,ensureCacheDir
FNDA:0,loadCacheIndex
FNDA:0,saveCacheIndex
FNDA:0,generateCacheKey
FNDA:0,checkCache
FNDA:0,saveCache
FNDA:0,invalidate
FNDA:0,getStats
FNDA:0,(anonymous_8)
FNDA:0,(anonymous_9)
FNDA:0,clearAll
FNDA:0,getDirSize
FNDA:0,enforceMaxCacheSize
FNDA:0,(anonymous_13)
FNDA:0,(anonymous_14)
DA:6,0
DA:7,0
DA:21,0
DA:23,0
DA:28,0
DA:32,0
DA:34,0
DA:35,0
DA:36,0
DA:37,0
DA:38,0
DA:40,0
DA:46,0
DA:47,0
DA:48,0
DA:52,0
DA:57,0
DA:60,0
DA:61,0
DA:62,0
DA:66,0
DA:67,0
DA:68,0
DA:70,0
DA:71,0
DA:72,0
DA:73,0
DA:74,0
DA:78,0
DA:79,0
DA:89,0
DA:95,0
DA:96,0
DA:98,0
DA:101,0
DA:102,0
DA:103,0
DA:104,0
DA:108,0
DA:109,0
DA:111,0
DA:126,0
DA:128,0
DA:129,0
DA:132,0
DA:135,0
DA:138,0
DA:139,0
DA:141,0
DA:144,0
DA:145,0
DA:146,0
DA:147,0
DA:148,0
DA:155,0
DA:156,0
DA:157,0
DA:158,0
DA:159,0
DA:160,0
DA:167,0
DA:169,0
DA:179,0
DA:180,0
DA:187,0
DA:188,0
DA:190,0
DA:191,0
DA:192,0
DA:193,0
DA:198,0
DA:199,0
DA:213,0
DA:214,0
DA:216,0
DA:217,0
DA:226,0
DA:228,0
DA:241,0
DA:242,0
DA:243,0
DA:244,0
DA:250,0
DA:251,0
DA:258,0
DA:260,0
DA:261,0
DA:262,0
DA:263,0
DA:264,0
DA:265,0
DA:267,0
DA:268,0
DA:275,0
DA:282,0
DA:283,0
DA:285,0
DA:286,0
DA:290,0
DA:292,0
DA:293,0
DA:295,0
DA:296,0
DA:298,0
DA:299,0
DA:300,0
DA:306,0
DA:307,0
DA:310,0
LF:109
LH:0
BRDA:34,0,0,0
BRDA:34,0,1,0
BRDA:61,1,0,0
BRDA:61,1,1,0
BRDA:68,2,0,0
BRDA:68,2,1,0
BRDA:98,3,0,0
BRDA:98,3,1,0
BRDA:101,4,0,0
BRDA:101,4,1,0
BRDA:138,5,0,0
BRDA:138,5,1,0
BRDA:146,6,0,0
BRDA:146,6,1,0
BRDA:157,7,0,0
BRDA:157,7,1,0
BRDA:190,8,0,0
BRDA:190,8,1,0
BRDA:192,9,0,0
BRDA:192,9,1,0
BRDA:216,10,0,0
BRDA:216,10,1,0
BRDA:243,11,0,0
BRDA:243,11,1,0
BRDA:264,12,0,0
BRDA:264,12,1,0
BRDA:285,13,0,0
BRDA:285,13,1,0
BRDA:296,14,0,0
BRDA:296,14,1,0
BRDA:299,15,0,0
BRDA:299,15,1,0
BRF:32
BRH:0
end_of_record
TN:
SF:src\services\build-system.ts
FN:24,detectFramework
FN:71,getFrameworkConfig
FN:72,(anonymous_2)
FN:84,executeBuild
FN:218,runCommand
FN:225,(anonymous_5)
FN:242,(anonymous_6)
FN:251,(anonymous_7)
FN:261,(anonymous_8)
FN:271,(anonymous_9)
FN:278,(anonymous_10)
FN:289,determineOutputDir
FN:303,updateDeploymentStatus
FN:321,getCommitSha
FN:331,cancelBuild
FN:340,(anonymous_15)
FN:361,isBuildActive
FN:365,getActiveBuildIds
FNF:18
FNH:0
FNDA:0,detectFramework
FNDA:0,getFrameworkConfig
FNDA:0,(anonymous_2)
FNDA:0,executeBuild
FNDA:0,runCommand
FNDA:0,(anonymous_5)
FNDA:0,(anonymous_6)
FNDA:0,(anonymous_7)
FNDA:0,(anonymous_8)
FNDA:0,(anonymous_9)
FNDA:0,(anonymous_10)
FNDA:0,determineOutputDir
FNDA:0,updateDeploymentStatus
FNDA:0,getCommitSha
FNDA:0,cancelBuild
FNDA:0,(anonymous_15)
FNDA:0,isBuildActive
FNDA:0,getActiveBuildIds
DA:15,0
DA:16,0
DA:20,0
DA:25,0
DA:26,0
DA:28,0
DA:29,0
DA:30,0
DA:37,0
DA:42,0
DA:43,0
DA:44,0
DA:45,0
DA:46,0
DA:47,0
DA:48,0
DA:49,0
DA:50,0
DA:53,0
DA:54,0
DA:55,0
DA:56,0
DA:62,0
DA:72,0
DA:88,0
DA:89,0
DA:91,0
DA:92,0
DA:101,0
DA:102,0
DA:104,0
DA:106,0
DA:110,0
DA:111,0
DA:121,0
DA:123,0
DA:124,0
DA:133,0
DA:135,0
DA:136,0
DA:139,0
DA:142,0
DA:147,0
DA:148,0
DA:149,0
DA:152,0
DA:154,0
DA:155,0
DA:157,0
DA:165,0
DA:166,0
DA:168,0
DA:169,0
DA:171,0
DA:173,0
DA:175,0
DA:177,0
DA:184,0
DA:187,0
DA:189,0
DA:191,0
DA:200,0
DA:201,0
DA:202,0
DA:204,0
DA:206,0
DA:225,0
DA:226,0
DA:227,0
DA:229,0
DA:239,0
DA:242,0
DA:243,0
DA:244,0
DA:245,0
DA:246,0
DA:247,0
DA:251,0
DA:252,0
DA:253,0
DA:254,0
DA:255,0
DA:256,0
DA:261,0
DA:262,0
DA:263,0
DA:264,0
DA:265,0
DA:266,0
DA:271,0
DA:272,0
DA:273,0
DA:274,0
DA:278,0
DA:279,0
DA:280,0
DA:281,0
DA:282,0
DA:283,0
DA:284,0
DA:290,0
DA:292,0
DA:293,0
DA:294,0
DA:295,0
DA:296,0
DA:300,0
DA:309,0
DA:311,0
DA:312,0
DA:315,0
DA:322,0
DA:326,0
DA:332,0
DA:333,0
DA:335,0
DA:337,0
DA:340,0
DA:341,0
DA:342,0
DA:348,0
DA:349,0
DA:350,0
DA:352,0
DA:353,0
DA:355,0
DA:362,0
DA:366,0
LF:128
LH:0
BRDA:28,0,0,0
BRDA:28,0,1,0
BRDA:42,1,0,0
BRDA:42,1,1,0
BRDA:43,2,0,0
BRDA:43,2,1,0
BRDA:44,3,0,0
BRDA:44,3,1,0
BRDA:44,4,0,0
BRDA:44,4,1,0
BRDA:45,5,0,0
BRDA:45,5,1,0
BRDA:46,6,0,0
BRDA:46,6,1,0
BRDA:47,7,0,0
BRDA:47,7,1,0
BRDA:48,8,0,0
BRDA:48,8,1,0
BRDA:49,9,0,0
BRDA:49,9,1,0
BRDA:50,10,0,0
BRDA:50,10,1,0
BRDA:55,11,0,0
BRDA:55,11,1,0
BRDA:72,12,0,0
BRDA:72,12,1,0
BRDA:91,13,0,0
BRDA:91,13,1,0
BRDA:106,14,0,0
BRDA:106,14,1,0
BRDA:110,15,0,0
BRDA:110,15,1,0
BRDA:121,16,0,0
BRDA:121,16,1,0
BRDA:123,17,0,0
BRDA:123,17,1,0
BRDA:133,18,0,0
BRDA:133,18,1,0
BRDA:133,18,2,0
BRDA:147,19,0,0
BRDA:147,19,1,0
BRDA:171,20,0,0
BRDA:171,20,1,0
BRDA:171,21,0,0
BRDA:171,21,1,0
BRDA:184,22,0,0
BRDA:184,22,1,0
BRDA:201,23,0,0
BRDA:201,23,1,0
BRDA:226,24,0,0
BRDA:226,24,1,0
BRDA:227,25,0,0
BRDA:227,25,1,0
BRDA:274,26,0,0
BRDA:274,26,1,0
BRDA:293,27,0,0
BRDA:293,27,1,0
BRDA:295,28,0,0
BRDA:295,28,1,0
BRDA:300,29,0,0
BRDA:300,29,1,0
BRDA:311,30,0,0
BRDA:311,30,1,0
BRDA:311,31,0,0
BRDA:311,31,1,0
BRDA:311,31,2,0
BRDA:326,32,0,0
BRDA:326,32,1,0
BRDA:333,33,0,0
BRDA:333,33,1,0
BRDA:333,34,0,0
BRDA:333,34,1,0
BRF:72
BRH:0
end_of_record
TN:
SF:src\services\deployment.ts
FN:40,createDeployment
FN:69,(anonymous_1)
FN:78,triggerBuild
FN:122,deployOutput
FN:153,rollbackDeployment
FN:181,deleteDeployment
FN:204,listDeployments
FN:249,generateDeploymentUrl
FN:270,getEnvVars
FNF:9
FNH:0
FNDA:0,createDeployment
FNDA:0,(anonymous_1)
FNDA:0,triggerBuild
FNDA:0,deployOutput
FNDA:0,rollbackDeployment
FNDA:0,deleteDeployment
FNDA:0,listDeployments
FNDA:0,generateDeploymentUrl
FNDA:0,getEnvVars
DA:8,0
DA:43,0
DA:47,0
DA:48,0
DA:51,0
DA:62,0
DA:63,0
DA:69,0
DA:70,0
DA:73,0
DA:89,0
DA:90,0
DA:91,0
DA:93,0
DA:95,0
DA:102,0
DA:103,0
DA:106,0
DA:108,0
DA:116,0
DA:127,0
DA:132,0
DA:134,0
DA:135,0
DA:137,0
DA:146,0
DA:148,0
DA:156,0
DA:161,0
DA:162,0
DA:165,0
DA:166,0
DA:169,0
DA:176,0
DA:182,0
DA:186,0
DA:187,0
DA:190,0
DA:191,0
DA:192,0
DA:195,0
DA:197,0
DA:219,0
DA:220,0
DA:222,0
DA:224,0
DA:225,0
DA:227,0
DA:238,0
DA:250,0
DA:256,0
DA:261,0
DA:263,0
DA:264,0
DA:267,0
DA:271,0
DA:275,0
DA:276,0
DA:277,0
DA:279,0
LF:60
LH:0
BRDA:47,0,0,0
BRDA:47,0,1,0
BRDA:55,1,0,0
BRDA:55,1,1,0
BRDA:56,2,0,0
BRDA:56,2,1,0
BRDA:57,3,0,0
BRDA:57,3,1,0
BRDA:97,4,0,0
BRDA:97,4,1,0
BRDA:98,5,0,0
BRDA:98,5,1,0
BRDA:102,6,0,0
BRDA:102,6,1,0
BRDA:112,7,0,0
BRDA:112,7,1,0
BRDA:161,8,0,0
BRDA:161,8,1,0
BRDA:165,9,0,0
BRDA:165,9,1,0
BRDA:171,10,0,0
BRDA:171,10,1,0
BRDA:172,11,0,0
BRDA:172,11,1,0
BRDA:186,12,0,0
BRDA:186,12,1,0
BRDA:191,13,0,0
BRDA:191,13,1,0
BRDA:206,14,0,0
BRDA:207,15,0,0
BRDA:224,16,0,0
BRDA:224,16,1,0
BRDA:225,17,0,0
BRDA:225,17,1,0
BRDA:263,18,0,0
BRDA:263,18,1,0
BRDA:263,19,0,0
BRDA:263,19,1,0
BRF:38
BRH:0
end_of_record
TN:
SF:src\services\dns.ts
FN:18,normalizeDomain
FN:22,matchesWildcard
FN:28,matchesRecord
FN:53,addDNSRecord
FN:63,removeDNSRecord
FN:72,(anonymous_5)
FN:84,getDNSRecords
FN:88,verifyARecord
FN:90,(anonymous_8)
FN:101,verifyCNAMERecord
FN:106,(anonymous_10)
FN:119,verifyTXTRecord
FN:124,(anonymous_12)
FN:137,verifyDomain
FNF:14
FNH:0
FNDA:0,normalizeDomain
FNDA:0,matchesWildcard
FNDA:0,matchesRecord
FNDA:0,addDNSRecord
FNDA:0,removeDNSRecord
FNDA:0,(anonymous_5)
FNDA:0,getDNSRecords
FNDA:0,verifyARecord
FNDA:0,(anonymous_8)
FNDA:0,verifyCNAMERecord
FNDA:0,(anonymous_10)
FNDA:0,verifyTXTRecord
FNDA:0,(anonymous_12)
FNDA:0,verifyDomain
DA:16,0
DA:19,0
DA:23,0
DA:24,0
DA:25,0
DA:34,0
DA:35,0
DA:38,0
DA:43,0
DA:44,0
DA:46,0
DA:47,0
DA:50,0
DA:57,0
DA:58,0
DA:59,0
DA:60,0
DA:68,0
DA:69,0
DA:70,0
DA:72,0
DA:73,0
DA:75,0
DA:77,0
DA:78,0
DA:79,0
DA:81,0
DA:85,0
DA:89,0
DA:90,0
DA:92,0
DA:105,0
DA:106,0
DA:107,0
DA:110,0
DA:123,0
DA:124,0
DA:125,0
DA:128,0
DA:141,0
DA:142,0
DA:144,0
DA:145,0
DA:147,0
LF:44
LH:0
BRDA:23,0,0,0
BRDA:23,0,1,0
BRDA:38,1,0,0
BRDA:38,1,1,0
BRDA:38,1,2,0
BRDA:38,1,3,0
BRDA:43,2,0,0
BRDA:43,2,1,0
BRDA:44,3,0,0
BRDA:44,3,1,0
BRDA:46,4,0,0
BRDA:46,4,1,0
BRDA:58,5,0,0
BRDA:58,5,1,0
BRDA:70,6,0,0
BRDA:70,6,1,0
BRDA:73,7,0,0
BRDA:73,7,1,0
BRDA:75,8,0,0
BRDA:75,8,1,0
BRDA:78,9,0,0
BRDA:78,9,1,0
BRDA:85,10,0,0
BRDA:85,10,1,0
BRDA:95,11,0,0
BRDA:95,11,1,0
BRDA:113,12,0,0
BRDA:113,12,1,0
BRDA:131,13,0,0
BRDA:131,13,1,0
BRDA:142,14,0,0
BRDA:142,14,1,0
BRDA:145,15,0,0
BRDA:145,15,1,0
BRF:34
BRH:0
end_of_record
TN:
SF:src\services\edge-runtime.ts
FN:32,appendLog
FN:41,buildSandboxContext
FN:52,(anonymous_2)
FN:59,(anonymous_3)
FN:66,(anonymous_4)
FN:73,(anonymous_5)
FN:80,(anonymous_6)
FN:89,(anonymous_7)
FN:105,(anonymous_8)
FN:108,(anonymous_9)
FN:109,(anonymous_10)
FN:110,(anonymous_11)
FN:111,(anonymous_12)
FN:112,length
FN:113,(anonymous_14)
FN:145,loadEnvVarsForProject
FN:159,invokeFunction
FN:217,(anonymous_17)
FN:218,(anonymous_18)
FN:250,getFunctionLogs
FN:255,clearFunctionLogs
FN:259,removeColdStart
FNF:22
FNH:0
FNDA:0,appendLog
FNDA:0,buildSandboxContext
FNDA:0,(anonymous_2)
FNDA:0,(anonymous_3)
FNDA:0,(anonymous_4)
FNDA:0,(anonymous_5)
FNDA:0,(anonymous_6)
FNDA:0,(anonymous_7)
FNDA:0,(anonymous_8)
FNDA:0,(anonymous_9)
FNDA:0,(anonymous_10)
FNDA:0,(anonymous_11)
FNDA:0,(anonymous_12)
FNDA:0,length
FNDA:0,(anonymous_14)
FNDA:0,loadEnvVarsForProject
FNDA:0,invokeFunction
FNDA:0,(anonymous_17)
FNDA:0,(anonymous_18)
FNDA:0,getFunctionLogs
FNDA:0,clearFunctionLogs
FNDA:0,removeColdStart
DA:5,0
DA:6,0
DA:29,0
DA:30,0
DA:33,0
DA:34,0
DA:35,0
DA:36,0
DA:38,0
DA:45,0
DA:51,0
DA:53,0
DA:60,0
DA:67,0
DA:74,0
DA:81,0
DA:89,0
DA:93,0
DA:94,0
DA:99,0
DA:105,0
DA:106,0
DA:107,0
DA:108,0
DA:109,0
DA:110,0
DA:111,0
DA:112,0
DA:113,0
DA:117,0
DA:146,0
DA:147,0
DA:148,0
DA:149,0
DA:151,0
DA:153,0
DA:156,0
DA:163,0
DA:167,0
DA:168,0
DA:169,0
DA:172,0
DA:173,0
DA:174,0
DA:175,0
DA:177,0
DA:179,0
DA:185,0
DA:191,0
DA:195,0
DA:197,0
DA:200,0
DA:201,0
DA:206,0
DA:214,0
DA:215,0
DA:218,0
DA:222,0
DA:224,0
DA:225,0
DA:231,0
DA:238,0
DA:240,0
DA:247,0
DA:251,0
DA:252,0
DA:256,0
DA:260,0
LF:68
LH:0
BRDA:33,0,0,0
BRDA:33,0,1,0
BRDA:35,1,0,0
BRDA:35,1,1,0
BRDA:93,2,0,0
BRDA:93,2,1,0
BRDA:97,3,0,0
BRDA:97,3,1,0
BRDA:108,4,0,0
BRDA:108,4,1,0
BRDA:113,5,0,0
BRDA:113,5,1,0
BRDA:168,6,0,0
BRDA:168,6,1,0
BRDA:182,7,0,0
BRDA:182,7,1,0
BRDA:224,8,0,0
BRDA:224,8,1,0
BRDA:250,9,0,0
BRDA:251,10,0,0
BRDA:251,10,1,0
BRF:21
BRH:0
end_of_record
TN:
SF:src\services\env-encryption.ts
FN:7,getEncryptionKey
FN:22,encrypt
FN:37,decrypt
FN:60,maskValue
FNF:4
FNH:0
FNDA:0,getEncryptionKey
FNDA:0,encrypt
FNDA:0,decrypt
FNDA:0,maskValue
DA:3,0
DA:4,0
DA:5,0
DA:8,0
DA:9,0
DA:10,0
DA:15,0
DA:16,0
DA:17,0
DA:19,0
DA:23,0
DA:24,0
DA:26,0
DA:27,0
DA:31,0
DA:33,0
DA:34,0
DA:38,0
DA:39,0
DA:41,0
DA:42,0
DA:45,0
DA:46,0
DA:47,0
DA:49,0
DA:50,0
DA:52,0
DA:57,0
DA:61,0
DA:62,0
DA:63,0
DA:64,0
DA:66,0
LF:33
LH:0
BRDA:9,0,0,0
BRDA:9,0,1,0
BRDA:16,1,0,0
BRDA:16,1,1,0
BRDA:41,2,0,0
BRDA:41,2,1,0
BRDA:63,3,0,0
BRDA:63,3,1,0
BRF:8
BRH:0
end_of_record
TN:
SF:src\services\github.ts
FN:7,getOAuthUrl
FN:17,exchangeCodeForToken
FN:38,listRepositories
FN:54,getRepository
FN:69,createWebhook
FN:104,removeWebhook
FN:122,createCommitStatus
FN:155,parseWebhookPayload
FNF:8
FNH:0
FNDA:0,getOAuthUrl
FNDA:0,exchangeCodeForToken
FNDA:0,listRepositories
FNDA:0,getRepository
FNDA:0,createWebhook
FNDA:0,removeWebhook
FNDA:0,createCommitStatus
FNDA:0,parseWebhookPayload
DA:3,0
DA:4,0
DA:5,0
DA:8,0
DA:14,0
DA:18,0
DA:31,0
DA:32,0
DA:33,0
DA:35,0
DA:39,0
DA:46,0
DA:47,0
DA:50,0
DA:51,0
DA:55,0
DA:62,0
DA:63,0
DA:66,0
DA:76,0
DA:95,0
DA:96,0
DA:97,0
DA:100,0
DA:101,0
DA:110,0
DA:117,0
DA:118,0
DA:129,0
DA:144,0
DA:145,0
DA:162,0
DA:163,0
DA:166,0
DA:167,0
DA:168,0
DA:171,0
LF:37
LH:0
BRDA:3,0,0,0
BRDA:3,0,1,0
BRDA:4,1,0,0
BRDA:4,1,1,0
BRDA:10,2,0,0
BRDA:10,2,1,0
BRDA:32,3,0,0
BRDA:32,3,1,0
BRDA:33,4,0,0
BRDA:33,4,1,0
BRDA:46,5,0,0
BRDA:46,5,1,0
BRDA:62,6,0,0
BRDA:62,6,1,0
BRDA:95,7,0,0
BRDA:95,7,1,0
BRDA:117,8,0,0
BRDA:117,8,1,0
BRDA:144,9,0,0
BRDA:144,9,1,0
BRDA:162,10,0,0
BRDA:162,10,1,0
BRDA:162,11,0,0
BRDA:162,11,1,0
BRDA:162,11,2,0
BRDA:167,12,0,0
BRDA:167,12,1,0
BRDA:167,13,0,0
BRDA:167,13,1,0
BRDA:167,13,2,0
BRDA:174,14,0,0
BRDA:174,14,1,0
BRDA:175,15,0,0
BRDA:175,15,1,0
BRDA:177,16,0,0
BRDA:177,16,1,0
BRDA:178,17,0,0
BRDA:178,17,1,0
BRDA:179,18,0,0
BRDA:179,18,1,0
BRF:40
BRH:0
end_of_record
TN:
SF:src\services\gitlab.ts
FN:7,getOAuthUrl
FN:18,exchangeCodeForToken
FN:40,listProjects
FN:54,getProject
FN:68,createWebhook
FN:97,removeWebhook
FN:114,createCommitStatus
FN:155,parseWebhookPayload
FNF:8
FNH:0
FNDA:0,getOAuthUrl
FNDA:0,exchangeCodeForToken
FNDA:0,listProjects
FNDA:0,getProject
FNDA:0,createWebhook
FNDA:0,removeWebhook
FNDA:0,createCommitStatus
FNDA:0,parseWebhookPayload
DA:3,0
DA:4,0
DA:5,0
DA:8,0
DA:15,0
DA:19,0
DA:33,0
DA:34,0
DA:35,0
DA:37,0
DA:41,0
DA:47,0
DA:48,0
DA:51,0
DA:55,0
DA:61,0
DA:62,0
DA:65,0
DA:74,0
DA:88,0
DA:89,0
DA:90,0
DA:93,0
DA:94,0
DA:102,0
DA:109,0
DA:110,0
DA:120,0
DA:127,0
DA:143,0
DA:144,0
DA:162,0
DA:163,0
DA:166,0
DA:167,0
DA:168,0
DA:171,0
DA:172,0
DA:174,0
LF:39
LH:0
BRDA:3,0,0,0
BRDA:3,0,1,0
BRDA:4,1,0,0
BRDA:4,1,1,0
BRDA:5,2,0,0
BRDA:5,2,1,0
BRDA:10,3,0,0
BRDA:10,3,1,0
BRDA:29,4,0,0
BRDA:29,4,1,0
BRDA:34,5,0,0
BRDA:34,5,1,0
BRDA:35,6,0,0
BRDA:35,6,1,0
BRDA:47,7,0,0
BRDA:47,7,1,0
BRDA:61,8,0,0
BRDA:61,8,1,0
BRDA:88,9,0,0
BRDA:88,9,1,0
BRDA:109,10,0,0
BRDA:109,10,1,0
BRDA:128,11,0,0
BRDA:128,11,1,0
BRDA:143,12,0,0
BRDA:143,12,1,0
BRDA:162,13,0,0
BRDA:162,13,1,0
BRDA:162,14,0,0
BRDA:162,14,1,0
BRDA:162,14,2,0
BRDA:167,15,0,0
BRDA:167,15,1,0
BRDA:167,16,0,0
BRDA:167,16,1,0
BRDA:171,17,0,0
BRDA:171,17,1,0
BRDA:178,18,0,0
BRDA:178,18,1,0
BRDA:180,19,0,0
BRDA:180,19,1,0
BRDA:181,20,0,0
BRDA:181,20,1,0
BRDA:182,21,0,0
BRDA:182,21,1,0
BRF:45
BRH:0
end_of_record
TN:
SF:src\services\log-streamer.ts
FN:37,connect
FN:64,(anonymous_1)
FN:83,(anonymous_2)
FN:93,appendLog
FN:124,sendStatus
FN:141,complete
FN:164,disconnect
FN:184,closeAll
FN:195,clearBuffer
FN:202,getClientCount
FN:213,getTotalClients
FNF:11
FNH:0
FNDA:0,connect
FNDA:0,(anonymous_1)
FNDA:0,(anonymous_2)
FNDA:0,appendLog
FNDA:0,sendStatus
FNDA:0,complete
FNDA:0,disconnect
FNDA:0,closeAll
FNDA:0,clearBuffer
FNDA:0,getClientCount
FNDA:0,getTotalClients
DA:16,0
DA:17,0
DA:29,0
DA:33,0
DA:38,0
DA:41,0
DA:49,0
DA:52,0
DA:53,0
DA:54,0
DA:55,0
DA:56,0
DA:60,0
DA:64,0
DA:65,0
DA:66,0
DA:68,0
DA:73,0
DA:80,0
DA:83,0
DA:84,0
DA:87,0
DA:94,0
DA:97,0
DA:98,0
DA:100,0
DA:101,0
DA:104,0
DA:105,0
DA:109,0
DA:110,0
DA:111,0
DA:112,0
DA:113,0
DA:115,0
DA:125,0
DA:127,0
DA:128,0
DA:129,0
DA:130,0
DA:132,0
DA:142,0
DA:148,0
DA:149,0
DA:150,0
DA:151,0
DA:152,0
DA:156,0
DA:165,0
DA:166,0
DA:168,0
DA:169,0
DA:172,0
DA:173,0
DA:178,0
DA:185,0
DA:186,0
DA:187,0
DA:196,0
DA:203,0
DA:204,0
DA:205,0
DA:207,0
DA:214,0
LF:64
LH:0
BRDA:53,0,0,0
BRDA:53,0,1,0
BRDA:53,1,0,0
BRDA:53,1,1,0
BRDA:97,2,0,0
BRDA:97,2,1,0
BRDA:104,3,0,0
BRDA:104,3,1,0
BRDA:111,4,0,0
BRDA:111,4,1,0
BRDA:128,5,0,0
BRDA:128,5,1,0
BRDA:149,6,0,0
BRDA:149,6,1,0
BRDA:166,7,0,0
BRDA:166,7,1,0
BRDA:168,8,0,0
BRDA:168,8,1,0
BRDA:186,9,0,0
BRDA:186,9,1,0
BRDA:205,10,0,0
BRDA:205,10,1,0
BRF:22
BRH:0
end_of_record
TN:
SF:src\services\redirects.ts
FN:11,createRedirectRule
FN:37,getRedirectRules
FN:44,updateRedirectRule
FN:72,deleteRedirectRule
FN:76,resolveRedirect
FNF:5
FNH:0
FNDA:0,createRedirectRule
FNDA:0,getRedirectRules
FNDA:0,updateRedirectRule
FNDA:0,deleteRedirectRule
FNDA:0,resolveRedirect
DA:19,0
DA:20,0
DA:21,0
DA:23,0
DA:27,0
DA:28,0
DA:29,0
DA:32,0
DA:38,0
DA:54,0
DA:55,0
DA:56,0
DA:58,0
DA:62,0
DA:63,0
DA:64,0
DA:65,0
DA:69,0
DA:73,0
DA:81,0
DA:85,0
DA:86,0
DA:87,0
DA:89,0
DA:90,0
DA:91,0
DA:92,0
DA:93,0
DA:94,0
DA:97,0
DA:98,0
DA:99,0
DA:100,0
DA:101,0
DA:102,0
DA:106,0
DA:107,0
DA:108,0
DA:109,0
DA:110,0
DA:113,0
DA:121,0
LF:42
LH:0
BRDA:15,0,0,0
BRDA:16,1,0,0
BRDA:17,2,0,0
BRDA:19,3,0,0
BRDA:19,3,1,0
BRDA:28,4,0,0
BRDA:28,4,1,0
BRDA:54,5,0,0
BRDA:54,5,1,0
BRDA:54,6,0,0
BRDA:54,6,1,0
BRDA:62,7,0,0
BRDA:62,7,1,0
BRDA:64,8,0,0
BRDA:64,8,1,0
BRDA:89,9,0,0
BRDA:89,9,1,0
BRDA:92,10,0,0
BRDA:92,10,1,0
BRDA:99,11,0,0
BRDA:99,11,1,0
BRDA:99,12,0,0
BRDA:99,12,1,0
BRDA:106,13,0,0
BRDA:106,13,1,0
BRDA:108,14,0,0
BRDA:108,14,1,0
BRDA:108,15,0,0
BRDA:108,15,1,0
BRDA:109,16,0,0
BRDA:109,16,1,0
BRF:31
BRH:0
end_of_record
TN:
SF:src\services\ssl.ts
FN:17,generateSelfSignedCert
FN:45,requestCertificate
FN:82,checkRenewals
FN:87,(anonymous_3)
FN:96,(anonymous_4)
FN:100,(anonymous_5)
FN:109,getCertificate
FN:113,getSSLStatus
FN:116,(anonymous_8)
FNF:9
FNH:0
FNDA:0,generateSelfSignedCert
FNDA:0,requestCertificate
FNDA:0,checkRenewals
FNDA:0,(anonymous_3)
FNDA:0,(anonymous_4)
FNDA:0,(anonymous_5)
FNDA:0,getCertificate
FNDA:0,getSSLStatus
FNDA:0,(anonymous_8)
DA:12,0
DA:13,0
DA:15,0
DA:18,0
DA:24,0
DA:25,0
DA:26,0
DA:28,0
DA:30,0
DA:34,0
DA:42,0
DA:46,0
DA:50,0
DA:51,0
DA:54,0
DA:55,0
DA:56,0
DA:60,0
DA:65,0
DA:67,0
DA:69,0
DA:79,0
DA:83,0
DA:87,0
DA:88,0
DA:89,0
DA:92,0
DA:95,0
DA:96,0
DA:99,0
DA:100,0
DA:101,0
DA:102,0
DA:106,0
DA:110,0
DA:114,0
DA:116,0
LF:37
LH:0
BRDA:50,0,0,0
BRDA:50,0,1,0
BRDA:50,1,0,0
BRDA:50,1,1,0
BRDA:54,2,0,0
BRDA:54,2,1,0
BRDA:56,3,0,0
BRDA:56,3,1,0
BRDA:88,4,0,0
BRDA:88,4,1,0
BRDA:101,5,0,0
BRDA:101,5,1,0
BRDA:116,6,0,0
BRDA:116,6,1,0
BRF:14
BRH:0
end_of_record
