TN:
SF:src\middleware\auth.ts
FN:8,requireAuth
FN:27,optionalAuth
FNF:2
FNH:0
FNDA:0,requireAuth
FNDA:0,optionalAuth
DA:9,0
DA:11,0
DA:12,0
DA:13,0
DA:16,0
DA:18,0
DA:19,0
DA:20,0
DA:21,0
DA:23,0
DA:28,0
DA:30,0
DA:31,0
DA:32,0
DA:33,0
DA:34,0
DA:40,0
LF:17
LH:0
BRDA:11,0,0,0
BRDA:11,0,1,0
BRDA:11,1,0,0
BRDA:11,1,1,0
BRDA:30,2,0,0
BRDA:30,2,1,0
BRDA:30,3,0,0
BRDA:30,3,1,0
BRF:8
BRH:0
end_of_record
TN:
SF:src\middleware\rate-limit.ts
FN:13,createRateLimiter
FN:19,(anonymous_1)
FN:33,rateLimitMiddleware
FNF:3
FNH:0
FNDA:0,createRateLimiter
FNDA:0,(anonymous_1)
FNDA:0,rateLimitMiddleware
DA:14,0
DA:15,0
DA:16,0
DA:19,0
DA:20,0
DA:21,0
DA:22,0
DA:23,0
DA:29,0
DA:30,0
DA:33,0
DA:34,0
DA:35,0
DA:37,0
DA:39,0
DA:40,0
DA:41,0
DA:43,0
DA:46,0
DA:47,0
DA:48,0
DA:49,0
DA:50,0
DA:53,0
DA:57,0
DA:58,0
DA:59,0
LF:27
LH:0
BRDA:13,0,0,0
BRDA:14,1,0,0
BRDA:14,1,1,0
BRDA:15,2,0,0
BRDA:15,2,1,0
BRDA:22,3,0,0
BRDA:22,3,1,0
BRDA:29,4,0,0
BRDA:29,4,1,0
BRDA:34,5,0,0
BRDA:34,5,1,0
BRDA:34,5,2,0
BRDA:39,6,0,0
BRDA:39,6,1,0
BRDA:39,7,0,0
BRDA:39,7,1,0
BRDA:46,8,0,0
BRDA:46,8,1,0
BRF:18
BRH:0
end_of_record
TN:
SF:src\services\analytics.ts
FN:23,getDateRange
FN:29,formatDate
FN:33,generateDailyDates
FN:43,randomBetween
FN:47,simulateDailyData
FN:48,(anonymous_5)
FN:56,getTrafficStats
FN:79,(anonymous_7)
FN:80,(anonymous_8)
FN:92,(anonymous_9)
FN:93,(anonymous_10)
FN:103,getPerformanceMetrics
FN:125,(anonymous_12)
FN:126,(anonymous_13)
FN:136,(anonymous_14)
FN:144,(anonymous_15)
FN:145,(anonymous_16)
FN:146,(anonymous_17)
FN:149,(anonymous_18)
FN:152,(anonymous_19)
FN:155,(anonymous_20)
FN:158,percentile
FN:160,(anonymous_22)
FN:170,(anonymous_23)
FN:171,(anonymous_24)
FN:172,(anonymous_25)
FN:177,getErrorStats
FN:199,(anonymous_27)
FN:200,(anonymous_28)
FN:222,(anonymous_29)
FN:224,(anonymous_30)
FN:243,(anonymous_31)
FN:244,(anonymous_32)
FN:260,logRequest
FNF:34
FNH:0
FNDA:0,getDateRange
FNDA:0,formatDate
FNDA:0,generateDailyDates
FNDA:0,randomBetween
FNDA:0,simulateDailyData
FNDA:0,(anonymous_5)
FNDA:0,getTrafficStats
FNDA:0,(anonymous_7)
FNDA:0,(anonymous_8)
FNDA:0,(anonymous_9)
FNDA:0,(anonymous_10)
FNDA:0,getPerformanceMetrics
FNDA:0,(anonymous_12)
FNDA:0,(anonymous_13)
FNDA:0,(anonymous_14)
FNDA:0,(anonymous_15)
FNDA:0,(anonymous_16)
FNDA:0,(anonymous_17)
FNDA:0,(anonymous_18)
FNDA:0,(anonymous_19)
FNDA:0,(anonymous_20)
FNDA:0,percentile
FNDA:0,(anonymous_22)
FNDA:0,(anonymous_23)
FNDA:0,(anonymous_24)
FNDA:0,(anonymous_25)
FNDA:0,getErrorStats
FNDA:0,(anonymous_27)
FNDA:0,(anonymous_28)
FNDA:0,(anonymous_29)
FNDA:0,(anonymous_30)
FNDA:0,(anonymous_31)
FNDA:0,(anonymous_32)
FNDA:0,logRequest
DA:3,0
DA:24,0
DA:25,0
DA:26,0
DA:30,0
DA:34,0
DA:35,0
DA:36,0
DA:37,0
DA:38,0
DA:40,0
DA:44,0
DA:48,0
DA:55,0
DA:57,0
DA:58,0
DA:59,0
DA:64,0
DA:66,0
DA:79,0
DA:80,0
DA:81,0
DA:89,0
DA:92,0
DA:93,0
DA:95,0
DA:104,0
DA:105,0
DA:106,0
DA:110,0
DA:111,0
DA:125,0
DA:126,0
DA:127,0
DA:136,0
DA:144,0
DA:145,0
DA:146,0
DA:148,0
DA:149,0
DA:151,0
DA:152,0
DA:154,0
DA:155,0
DA:159,0
DA:160,0
DA:161,0
DA:162,0
DA:165,0
DA:170,0
DA:171,0
DA:172,0
DA:178,0
DA:179,0
DA:180,0
DA:185,0
DA:186,0
DA:199,0
DA:200,0
DA:201,0
DA:202,0
DA:203,0
DA:211,0
DA:222,0
DA:224,0
DA:225,0
DA:226,0
DA:227,0
DA:235,0
DA:243,0
DA:244,0
DA:245,0
DA:249,0
DA:272,0
DA:273,0
LF:75
LH:0
BRDA:24,0,0,0
BRDA:24,0,1,0
BRDA:25,1,0,0
BRDA:25,1,1,0
BRDA:83,2,0,0
BRDA:83,2,1,0
BRDA:84,3,0,0
BRDA:84,3,1,0
BRDA:129,4,0,0
BRDA:129,4,1,0
BRDA:130,5,0,0
BRDA:130,5,1,0
BRDA:131,6,0,0
BRDA:131,6,1,0
BRDA:148,7,0,0
BRDA:148,7,1,0
BRDA:151,8,0,0
BRDA:151,8,1,0
BRDA:154,9,0,0
BRDA:154,9,1,0
BRDA:159,10,0,0
BRDA:159,10,1,0
BRDA:201,11,0,0
BRDA:201,11,1,0
BRDA:202,12,0,0
BRDA:202,12,1,0
BRDA:207,13,0,0
BRDA:207,13,1,0
BRDA:245,14,0,0
BRDA:245,14,1,0
BRDA:279,15,0,0
BRDA:279,15,1,0
BRDA:279,16,0,0
BRDA:279,16,1,0
BRDA:279,17,0,0
BRDA:279,17,1,0
BRDA:280,18,0,0
BRDA:280,18,1,0
BRDA:281,19,0,0
BRDA:281,19,1,0
BRDA:281,20,0,0
BRDA:281,20,1,0
BRF:42
BRH:0
end_of_record
TN:
SF:src\services\auth.ts
FN:10,generateToken
FN:14,generateRefreshToken
FN:18,verifyToken
FNF:3
FNH:3
FNDA:8,generateToken
FNDA:3,generateRefreshToken
FNDA:5,verifyToken
DA:6,1
DA:7,1
DA:8,1
DA:11,8
DA:15,3
DA:19,5
LF:6
LH:6
BRDA:6,0,0,1
BRDA:6,0,1,1
BRDA:7,1,0,1
BRDA:7,1,1,1
BRDA:8,2,0,1
BRDA:8,2,1,1
BRF:6
BRH:6
end_of_record
TN:
SF:src\services\build-cache.ts
FN:28,ensureCacheDir
FN:32,loadCacheIndex
FN:46,saveCacheIndex
FN:57,generateCacheKey
FN:95,checkCache
FN:121,saveCache
FN:187,invalidate
FN:207,getStats
FN:215,(anonymous_8)
FN:227,(anonymous_9)
FN:241,clearAll
FN:258,getDirSize
FN:282,enforceMaxCacheSize
FN:284,(anonymous_13)
FN:291,(anonymous_14)
FNF:15
FNH:0
FNDA:0,ensureCacheDir
FNDA:0,loadCacheIndex
FNDA:0,saveCacheIndex
FNDA:0,generateCacheKey
FNDA:0,checkCache
FNDA:0,saveCache
FNDA:0,invalidate
FNDA:0,getStats
FNDA:0,(anonymous_8)
FNDA:0,(anonymous_9)
FNDA:0,clearAll
FNDA:0,getDirSize
FNDA:0,enforceMaxCacheSize
FNDA:0,(anonymous_13)
FNDA:0,(anonymous_14)
DA:7,0
DA:8,0
DA:22,0
DA:24,0
DA:29,0
DA:33,0
DA:35,0
DA:36,0
DA:37,0
DA:38,0
DA:39,0
DA:41,0
DA:47,0
DA:48,0
DA:49,0
DA:53,0
DA:58,0
DA:61,0
DA:62,0
DA:63,0
DA:67,0
DA:68,0
DA:69,0
DA:71,0
DA:72,0
DA:73,0
DA:74,0
DA:75,0
DA:79,0
DA:80,0
DA:90,0
DA:96,0
DA:97,0
DA:99,0
DA:102,0
DA:103,0
DA:104,0
DA:105,0
DA:109,0
DA:110,0
DA:112,0
DA:127,0
DA:129,0
DA:130,0
DA:133,0
DA:136,0
DA:139,0
DA:140,0
DA:142,0
DA:145,0
DA:146,0
DA:147,0
DA:148,0
DA:149,0
DA:156,0
DA:157,0
DA:158,0
DA:159,0
DA:160,0
DA:161,0
DA:168,0
DA:170,0
DA:180,0
DA:181,0
DA:188,0
DA:189,0
DA:191,0
DA:192,0
DA:193,0
DA:194,0
DA:199,0
DA:200,0
DA:214,0
DA:215,0
DA:217,0
DA:218,0
DA:227,0
DA:229,0
DA:242,0
DA:243,0
DA:244,0
DA:245,0
DA:251,0
DA:252,0
DA:259,0
DA:261,0
DA:262,0
DA:263,0
DA:264,0
DA:265,0
DA:266,0
DA:268,0
DA:269,0
DA:276,0
DA:283,0
DA:284,0
DA:286,0
DA:287,0
DA:291,0
DA:293,0
DA:294,0
DA:296,0
DA:297,0
DA:299,0
DA:300,0
DA:301,0
DA:307,0
DA:308,0
DA:311,0
LF:109
LH:0
BRDA:35,0,0,0
BRDA:35,0,1,0
BRDA:62,1,0,0
BRDA:62,1,1,0
BRDA:69,2,0,0
BRDA:69,2,1,0
BRDA:99,3,0,0
BRDA:99,3,1,0
BRDA:102,4,0,0
BRDA:102,4,1,0
BRDA:139,5,0,0
BRDA:139,5,1,0
BRDA:147,6,0,0
BRDA:147,6,1,0
BRDA:158,7,0,0
BRDA:158,7,1,0
BRDA:191,8,0,0
BRDA:191,8,1,0
BRDA:193,9,0,0
BRDA:193,9,1,0
BRDA:217,10,0,0
BRDA:217,10,1,0
BRDA:244,11,0,0
BRDA:244,11,1,0
BRDA:265,12,0,0
BRDA:265,12,1,0
BRDA:286,13,0,0
BRDA:286,13,1,0
BRDA:297,14,0,0
BRDA:297,14,1,0
BRDA:300,15,0,0
BRDA:300,15,1,0
BRF:32
BRH:0
end_of_record
TN:
SF:src\services\build-system.ts
FN:25,detectFramework
FN:72,getFrameworkConfig
FN:73,(anonymous_2)
FN:85,executeBuild
FN:211,runCommand
FN:218,(anonymous_5)
FN:235,(anonymous_6)
FN:244,(anonymous_7)
FN:254,(anonymous_8)
FN:264,(anonymous_9)
FN:271,(anonymous_10)
FN:282,determineOutputDir
FN:295,updateDeploymentStatus
FN:313,getCommitSha
FN:323,cancelBuild
FN:332,(anonymous_15)
FN:353,isBuildActive
FN:357,getActiveBuildIds
FNF:18
FNH:0
FNDA:0,detectFramework
FNDA:0,getFrameworkConfig
FNDA:0,(anonymous_2)
FNDA:0,executeBuild
FNDA:0,runCommand
FNDA:0,(anonymous_5)
FNDA:0,(anonymous_6)
FNDA:0,(anonymous_7)
FNDA:0,(anonymous_8)
FNDA:0,(anonymous_9)
FNDA:0,(anonymous_10)
FNDA:0,determineOutputDir
FNDA:0,updateDeploymentStatus
FNDA:0,getCommitSha
FNDA:0,cancelBuild
FNDA:0,(anonymous_15)
FNDA:0,isBuildActive
FNDA:0,getActiveBuildIds
DA:16,0
DA:17,0
DA:21,0
DA:26,0
DA:27,0
DA:29,0
DA:30,0
DA:31,0
DA:38,0
DA:43,0
DA:44,0
DA:45,0
DA:46,0
DA:47,0
DA:48,0
DA:49,0
DA:50,0
DA:51,0
DA:54,0
DA:55,0
DA:56,0
DA:57,0
DA:63,0
DA:73,0
DA:89,0
DA:90,0
DA:91,0
DA:94,0
DA:96,0
DA:98,0
DA:103,0
DA:105,0
DA:106,0
DA:109,0
DA:112,0
DA:117,0
DA:118,0
DA:119,0
DA:122,0
DA:124,0
DA:125,0
DA:134,0
DA:137,0
DA:145,0
DA:147,0
DA:148,0
DA:149,0
DA:150,0
DA:152,0
DA:153,0
DA:163,0
DA:166,0
DA:167,0
DA:169,0
DA:170,0
DA:171,0
DA:173,0
DA:175,0
DA:182,0
DA:183,0
DA:184,0
DA:185,0
DA:187,0
DA:189,0
DA:197,0
DA:199,0
DA:200,0
DA:201,0
DA:218,0
DA:219,0
DA:220,0
DA:222,0
DA:232,0
DA:235,0
DA:236,0
DA:237,0
DA:238,0
DA:239,0
DA:240,0
DA:244,0
DA:245,0
DA:246,0
DA:247,0
DA:248,0
DA:249,0
DA:254,0
DA:255,0
DA:256,0
DA:257,0
DA:258,0
DA:259,0
DA:264,0
DA:265,0
DA:266,0
DA:267,0
DA:271,0
DA:272,0
DA:273,0
DA:274,0
DA:275,0
DA:276,0
DA:277,0
DA:283,0
DA:285,0
DA:286,0
DA:287,0
DA:288,0
DA:292,0
DA:301,0
DA:303,0
DA:304,0
DA:307,0
DA:314,0
DA:318,0
DA:324,0
DA:325,0
DA:327,0
DA:329,0
DA:332,0
DA:333,0
DA:334,0
DA:340,0
DA:341,0
DA:342,0
DA:344,0
DA:345,0
DA:347,0
DA:354,0
DA:358,0
LF:129
LH:0
BRDA:29,0,0,0
BRDA:29,0,1,0
BRDA:43,1,0,0
BRDA:43,1,1,0
BRDA:44,2,0,0
BRDA:44,2,1,0
BRDA:45,3,0,0
BRDA:45,3,1,0
BRDA:45,4,0,0
BRDA:45,4,1,0
BRDA:46,5,0,0
BRDA:46,5,1,0
BRDA:47,6,0,0
BRDA:47,6,1,0
BRDA:48,7,0,0
BRDA:48,7,1,0
BRDA:49,8,0,0
BRDA:49,8,1,0
BRDA:50,9,0,0
BRDA:50,9,1,0
BRDA:51,10,0,0
BRDA:51,10,1,0
BRDA:56,11,0,0
BRDA:56,11,1,0
BRDA:73,12,0,0
BRDA:73,12,1,0
BRDA:98,13,0,0
BRDA:98,13,1,0
BRDA:103,14,0,0
BRDA:103,14,1,0
BRDA:117,15,0,0
BRDA:117,15,1,0
BRDA:147,16,0,0
BRDA:147,16,1,0
BRDA:183,17,0,0
BRDA:183,17,1,0
BRDA:200,18,0,0
BRDA:200,18,1,0
BRDA:219,19,0,0
BRDA:219,19,1,0
BRDA:220,20,0,0
BRDA:220,20,1,0
BRDA:267,21,0,0
BRDA:267,21,1,0
BRDA:287,22,0,0
BRDA:287,22,1,0
BRDA:303,23,0,0
BRDA:303,23,1,0
BRDA:303,24,0,0
BRDA:303,24,1,0
BRDA:303,24,2,0
BRDA:318,25,0,0
BRDA:318,25,1,0
BRDA:325,26,0,0
BRDA:325,26,1,0
BRDA:325,27,0,0
BRDA:325,27,1,0
BRF:57
BRH:0
end_of_record
TN:
SF:src\services\deployment.ts
FN:41,createDeployment
FN:70,(anonymous_1)
FN:79,triggerBuild
FN:123,deployOutput
FN:157,rollbackDeployment
FN:185,deleteDeployment
FN:208,listDeployments
FN:250,generateDeploymentUrl
FN:271,getEnvVars
FNF:9
FNH:0
FNDA:0,createDeployment
FNDA:0,(anonymous_1)
FNDA:0,triggerBuild
FNDA:0,deployOutput
FNDA:0,rollbackDeployment
FNDA:0,deleteDeployment
FNDA:0,listDeployments
FNDA:0,generateDeploymentUrl
FNDA:0,getEnvVars
DA:9,0
DA:44,0
DA:48,0
DA:49,0
DA:52,0
DA:63,0
DA:64,0
DA:70,0
DA:71,0
DA:74,0
DA:90,0
DA:91,0
DA:92,0
DA:94,0
DA:96,0
DA:103,0
DA:104,0
DA:107,0
DA:109,0
DA:117,0
DA:128,0
DA:133,0
DA:135,0
DA:136,0
DA:138,0
DA:150,0
DA:152,0
DA:160,0
DA:165,0
DA:166,0
DA:169,0
DA:170,0
DA:173,0
DA:180,0
DA:186,0
DA:190,0
DA:191,0
DA:194,0
DA:195,0
DA:196,0
DA:199,0
DA:201,0
DA:223,0
DA:225,0
DA:226,0
DA:228,0
DA:239,0
DA:251,0
DA:257,0
DA:262,0
DA:264,0
DA:265,0
DA:268,0
DA:272,0
DA:276,0
DA:277,0
DA:278,0
DA:280,0
LF:58
LH:0
BRDA:48,0,0,0
BRDA:48,0,1,0
BRDA:56,1,0,0
BRDA:56,1,1,0
BRDA:57,2,0,0
BRDA:57,2,1,0
BRDA:58,3,0,0
BRDA:58,3,1,0
BRDA:98,4,0,0
BRDA:98,4,1,0
BRDA:99,5,0,0
BRDA:99,5,1,0
BRDA:103,6,0,0
BRDA:103,6,1,0
BRDA:113,7,0,0
BRDA:113,7,1,0
BRDA:165,8,0,0
BRDA:165,8,1,0
BRDA:169,9,0,0
BRDA:169,9,1,0
BRDA:175,10,0,0
BRDA:175,10,1,0
BRDA:176,11,0,0
BRDA:176,11,1,0
BRDA:190,12,0,0
BRDA:190,12,1,0
BRDA:195,13,0,0
BRDA:195,13,1,0
BRDA:210,14,0,0
BRDA:211,15,0,0
BRDA:225,16,0,0
BRDA:225,16,1,0
BRDA:226,17,0,0
BRDA:226,17,1,0
BRDA:264,18,0,0
BRDA:264,18,1,0
BRDA:264,19,0,0
BRDA:264,19,1,0
BRF:38
BRH:0
end_of_record
TN:
SF:src\services\dns.ts
FN:18,normalizeDomain
FN:22,matchesWildcard
FN:28,matchesRecord
FN:53,addDNSRecord
FN:63,removeDNSRecord
FN:72,(anonymous_5)
FN:84,getDNSRecords
FN:88,verifyARecord
FN:90,(anonymous_8)
FN:101,verifyCNAMERecord
FN:106,(anonymous_10)
FN:119,verifyTXTRecord
FN:124,(anonymous_12)
FN:137,verifyDomain
FNF:14
FNH:0
FNDA:0,normalizeDomain
FNDA:0,matchesWildcard
FNDA:0,matchesRecord
FNDA:0,addDNSRecord
FNDA:0,removeDNSRecord
FNDA:0,(anonymous_5)
FNDA:0,getDNSRecords
FNDA:0,verifyARecord
FNDA:0,(anonymous_8)
FNDA:0,verifyCNAMERecord
FNDA:0,(anonymous_10)
FNDA:0,verifyTXTRecord
FNDA:0,(anonymous_12)
FNDA:0,verifyDomain
DA:16,0
DA:19,0
DA:23,0
DA:24,0
DA:25,0
DA:34,0
DA:35,0
DA:38,0
DA:43,0
DA:44,0
DA:46,0
DA:47,0
DA:50,0
DA:57,0
DA:58,0
DA:59,0
DA:60,0
DA:68,0
DA:69,0
DA:70,0
DA:72,0
DA:73,0
DA:75,0
DA:77,0
DA:78,0
DA:79,0
DA:81,0
DA:85,0
DA:89,0
DA:90,0
DA:92,0
DA:105,0
DA:106,0
DA:107,0
DA:110,0
DA:123,0
DA:124,0
DA:125,0
DA:128,0
DA:141,0
DA:142,0
DA:144,0
DA:145,0
DA:147,0
LF:44
LH:0
BRDA:23,0,0,0
BRDA:23,0,1,0
BRDA:38,1,0,0
BRDA:38,1,1,0
BRDA:38,1,2,0
BRDA:38,1,3,0
BRDA:43,2,0,0
BRDA:43,2,1,0
BRDA:44,3,0,0
BRDA:44,3,1,0
BRDA:46,4,0,0
BRDA:46,4,1,0
BRDA:58,5,0,0
BRDA:58,5,1,0
BRDA:70,6,0,0
BRDA:70,6,1,0
BRDA:73,7,0,0
BRDA:73,7,1,0
BRDA:75,8,0,0
BRDA:75,8,1,0
BRDA:78,9,0,0
BRDA:78,9,1,0
BRDA:85,10,0,0
BRDA:85,10,1,0
BRDA:95,11,0,0
BRDA:95,11,1,0
BRDA:113,12,0,0
BRDA:113,12,1,0
BRDA:131,13,0,0
BRDA:131,13,1,0
BRDA:142,14,0,0
BRDA:142,14,1,0
BRDA:145,15,0,0
BRDA:145,15,1,0
BRF:34
BRH:0
end_of_record
TN:
SF:src\services\edge-runtime.ts
FN:31,appendLog
FN:40,buildSandboxContext
FN:51,(anonymous_2)
FN:58,(anonymous_3)
FN:65,(anonymous_4)
FN:72,(anonymous_5)
FN:79,(anonymous_6)
FN:88,(anonymous_7)
FN:104,(anonymous_8)
FN:107,(anonymous_9)
FN:108,(anonymous_10)
FN:109,(anonymous_11)
FN:110,(anonymous_12)
FN:111,length
FN:112,(anonymous_14)
FN:144,loadEnvVarsForProject
FN:158,invokeFunction
FN:216,(anonymous_17)
FN:217,(anonymous_18)
FN:249,getFunctionLogs
FN:254,clearFunctionLogs
FN:258,removeColdStart
FNF:22
FNH:0
FNDA:0,appendLog
FNDA:0,buildSandboxContext
FNDA:0,(anonymous_2)
FNDA:0,(anonymous_3)
FNDA:0,(anonymous_4)
FNDA:0,(anonymous_5)
FNDA:0,(anonymous_6)
FNDA:0,(anonymous_7)
FNDA:0,(anonymous_8)
FNDA:0,(anonymous_9)
FNDA:0,(anonymous_10)
FNDA:0,(anonymous_11)
FNDA:0,(anonymous_12)
FNDA:0,length
FNDA:0,(anonymous_14)
FNDA:0,loadEnvVarsForProject
FNDA:0,invokeFunction
FNDA:0,(anonymous_17)
FNDA:0,(anonymous_18)
FNDA:0,getFunctionLogs
FNDA:0,clearFunctionLogs
FNDA:0,removeColdStart
DA:4,0
DA:5,0
DA:28,0
DA:29,0
DA:32,0
DA:33,0
DA:34,0
DA:35,0
DA:37,0
DA:44,0
DA:50,0
DA:52,0
DA:59,0
DA:66,0
DA:73,0
DA:80,0
DA:88,0
DA:92,0
DA:93,0
DA:98,0
DA:104,0
DA:105,0
DA:106,0
DA:107,0
DA:108,0
DA:109,0
DA:110,0
DA:111,0
DA:112,0
DA:116,0
DA:145,0
DA:146,0
DA:147,0
DA:148,0
DA:149,0
DA:150,0
DA:152,0
DA:155,0
DA:162,0
DA:166,0
DA:167,0
DA:168,0
DA:171,0
DA:172,0
DA:173,0
DA:174,0
DA:176,0
DA:178,0
DA:184,0
DA:190,0
DA:194,0
DA:196,0
DA:199,0
DA:200,0
DA:205,0
DA:213,0
DA:214,0
DA:217,0
DA:221,0
DA:223,0
DA:224,0
DA:230,0
DA:237,0
DA:239,0
DA:246,0
DA:250,0
DA:251,0
DA:255,0
DA:259,0
LF:69
LH:0
BRDA:32,0,0,0
BRDA:32,0,1,0
BRDA:34,1,0,0
BRDA:34,1,1,0
BRDA:92,2,0,0
BRDA:92,2,1,0
BRDA:96,3,0,0
BRDA:96,3,1,0
BRDA:107,4,0,0
BRDA:107,4,1,0
BRDA:112,5,0,0
BRDA:112,5,1,0
BRDA:167,6,0,0
BRDA:167,6,1,0
BRDA:181,7,0,0
BRDA:181,7,1,0
BRDA:223,8,0,0
BRDA:223,8,1,0
BRDA:249,9,0,0
BRDA:250,10,0,0
BRDA:250,10,1,0
BRF:21
BRH:0
end_of_record
TN:
SF:src\services\env-encryption.ts
FN:7,getEncryptionKey
FN:22,encrypt
FN:37,decrypt
FN:60,maskValue
FNF:4
FNH:0
FNDA:0,getEncryptionKey
FNDA:0,encrypt
FNDA:0,decrypt
FNDA:0,maskValue
DA:3,0
DA:4,0
DA:5,0
DA:8,0
DA:9,0
DA:10,0
DA:15,0
DA:16,0
DA:17,0
DA:19,0
DA:23,0
DA:24,0
DA:26,0
DA:27,0
DA:31,0
DA:33,0
DA:34,0
DA:38,0
DA:39,0
DA:41,0
DA:42,0
DA:45,0
DA:46,0
DA:47,0
DA:49,0
DA:50,0
DA:52,0
DA:57,0
DA:61,0
DA:62,0
DA:63,0
DA:64,0
DA:66,0
LF:33
LH:0
BRDA:9,0,0,0
BRDA:9,0,1,0
BRDA:16,1,0,0
BRDA:16,1,1,0
BRDA:41,2,0,0
BRDA:41,2,1,0
BRDA:63,3,0,0
BRDA:63,3,1,0
BRF:8
BRH:0
end_of_record
TN:
SF:src\services\github.ts
FN:7,getOAuthUrl
FN:17,exchangeCodeForToken
FN:38,listRepositories
FN:54,getRepository
FN:69,createWebhook
FN:104,removeWebhook
FN:122,createCommitStatus
FN:149,parseWebhookPayload
FNF:8
FNH:0
FNDA:0,getOAuthUrl
FNDA:0,exchangeCodeForToken
FNDA:0,listRepositories
FNDA:0,getRepository
FNDA:0,createWebhook
FNDA:0,removeWebhook
FNDA:0,createCommitStatus
FNDA:0,parseWebhookPayload
DA:3,0
DA:4,0
DA:5,0
DA:8,0
DA:14,0
DA:18,0
DA:31,0
DA:32,0
DA:33,0
DA:35,0
DA:39,0
DA:46,0
DA:47,0
DA:50,0
DA:51,0
DA:55,0
DA:62,0
DA:63,0
DA:66,0
DA:76,0
DA:95,0
DA:96,0
DA:97,0
DA:100,0
DA:101,0
DA:110,0
DA:117,0
DA:118,0
DA:129,0
DA:144,0
DA:145,0
DA:156,0
DA:157,0
DA:160,0
LF:34
LH:0
BRDA:3,0,0,0
BRDA:3,0,1,0
BRDA:4,1,0,0
BRDA:4,1,1,0
BRDA:10,2,0,0
BRDA:10,2,1,0
BRDA:32,3,0,0
BRDA:32,3,1,0
BRDA:33,4,0,0
BRDA:33,4,1,0
BRDA:46,5,0,0
BRDA:46,5,1,0
BRDA:62,6,0,0
BRDA:62,6,1,0
BRDA:95,7,0,0
BRDA:95,7,1,0
BRDA:117,8,0,0
BRDA:117,8,1,0
BRDA:144,9,0,0
BRDA:144,9,1,0
BRDA:156,10,0,0
BRDA:156,10,1,0
BRDA:156,11,0,0
BRDA:156,11,1,0
BRDA:156,11,2,0
BRF:25
BRH:0
end_of_record
TN:
SF:src\services\gitlab.ts
FN:7,getOAuthUrl
FN:18,exchangeCodeForToken
FN:40,listProjects
FN:54,getProject
FN:68,createWebhook
FN:97,removeWebhook
FN:114,createCommitStatus
FN:148,parseWebhookPayload
FNF:8
FNH:0
FNDA:0,getOAuthUrl
FNDA:0,exchangeCodeForToken
FNDA:0,listProjects
FNDA:0,getProject
FNDA:0,createWebhook
FNDA:0,removeWebhook
FNDA:0,createCommitStatus
FNDA:0,parseWebhookPayload
DA:3,0
DA:4,0
DA:5,0
DA:8,0
DA:15,0
DA:19,0
DA:33,0
DA:34,0
DA:35,0
DA:37,0
DA:41,0
DA:47,0
DA:48,0
DA:51,0
DA:55,0
DA:61,0
DA:62,0
DA:65,0
DA:74,0
DA:88,0
DA:89,0
DA:90,0
DA:93,0
DA:94,0
DA:102,0
DA:109,0
DA:110,0
DA:120,0
DA:127,0
DA:143,0
DA:144,0
DA:155,0
DA:156,0
DA:159,0
DA:160,0
DA:162,0
LF:36
LH:0
BRDA:3,0,0,0
BRDA:3,0,1,0
BRDA:4,1,0,0
BRDA:4,1,1,0
BRDA:5,2,0,0
BRDA:5,2,1,0
BRDA:10,3,0,0
BRDA:10,3,1,0
BRDA:29,4,0,0
BRDA:29,4,1,0
BRDA:34,5,0,0
BRDA:34,5,1,0
BRDA:35,6,0,0
BRDA:35,6,1,0
BRDA:47,7,0,0
BRDA:47,7,1,0
BRDA:61,8,0,0
BRDA:61,8,1,0
BRDA:88,9,0,0
BRDA:88,9,1,0
BRDA:109,10,0,0
BRDA:109,10,1,0
BRDA:128,11,0,0
BRDA:128,11,1,0
BRDA:143,12,0,0
BRDA:143,12,1,0
BRDA:155,13,0,0
BRDA:155,13,1,0
BRDA:155,14,0,0
BRDA:155,14,1,0
BRDA:155,14,2,0
BRDA:159,15,0,0
BRDA:159,15,1,0
BRDA:166,16,0,0
BRDA:166,16,1,0
BRDA:168,17,0,0
BRDA:168,17,1,0
BRDA:169,18,0,0
BRDA:169,18,1,0
BRDA:170,19,0,0
BRDA:170,19,1,0
BRF:41
BRH:0
end_of_record
TN:
SF:src\services\log-streamer.ts
FN:37,connect
FN:64,(anonymous_1)
FN:83,(anonymous_2)
FN:93,appendLog
FN:124,sendStatus
FN:141,complete
FN:164,disconnect
FN:184,closeAll
FN:195,clearBuffer
FN:202,getClientCount
FN:213,getTotalClients
FNF:11
FNH:0
FNDA:0,connect
FNDA:0,(anonymous_1)
FNDA:0,(anonymous_2)
FNDA:0,appendLog
FNDA:0,sendStatus
FNDA:0,complete
FNDA:0,disconnect
FNDA:0,closeAll
FNDA:0,clearBuffer
FNDA:0,getClientCount
FNDA:0,getTotalClients
DA:16,0
DA:17,0
DA:29,0
DA:33,0
DA:38,0
DA:41,0
DA:49,0
DA:52,0
DA:53,0
DA:54,0
DA:55,0
DA:56,0
DA:60,0
DA:64,0
DA:65,0
DA:66,0
DA:68,0
DA:73,0
DA:80,0
DA:83,0
DA:84,0
DA:87,0
DA:94,0
DA:97,0
DA:98,0
DA:100,0
DA:101,0
DA:104,0
DA:105,0
DA:109,0
DA:110,0
DA:111,0
DA:112,0
DA:113,0
DA:115,0
DA:125,0
DA:127,0
DA:128,0
DA:129,0
DA:130,0
DA:132,0
DA:142,0
DA:148,0
DA:149,0
DA:150,0
DA:151,0
DA:152,0
DA:156,0
DA:165,0
DA:166,0
DA:168,0
DA:169,0
DA:172,0
DA:173,0
DA:178,0
DA:185,0
DA:186,0
DA:187,0
DA:196,0
DA:203,0
DA:204,0
DA:205,0
DA:207,0
DA:214,0
LF:64
LH:0
BRDA:53,0,0,0
BRDA:53,0,1,0
BRDA:53,1,0,0
BRDA:53,1,1,0
BRDA:97,2,0,0
BRDA:97,2,1,0
BRDA:104,3,0,0
BRDA:104,3,1,0
BRDA:111,4,0,0
BRDA:111,4,1,0
BRDA:128,5,0,0
BRDA:128,5,1,0
BRDA:149,6,0,0
BRDA:149,6,1,0
BRDA:166,7,0,0
BRDA:166,7,1,0
BRDA:168,8,0,0
BRDA:168,8,1,0
BRDA:186,9,0,0
BRDA:186,9,1,0
BRDA:205,10,0,0
BRDA:205,10,1,0
BRF:22
BRH:0
end_of_record
TN:
SF:src\services\redirects.ts
FN:11,createRedirectRule
FN:37,getRedirectRules
FN:44,updateRedirectRule
FN:72,deleteRedirectRule
FN:76,resolveRedirect
FNF:5
FNH:0
FNDA:0,createRedirectRule
FNDA:0,getRedirectRules
FNDA:0,updateRedirectRule
FNDA:0,deleteRedirectRule
FNDA:0,resolveRedirect
DA:19,0
DA:20,0
DA:21,0
DA:23,0
DA:27,0
DA:28,0
DA:29,0
DA:32,0
DA:38,0
DA:54,0
DA:55,0
DA:56,0
DA:58,0
DA:62,0
DA:63,0
DA:64,0
DA:65,0
DA:69,0
DA:73,0
DA:81,0
DA:85,0
DA:86,0
DA:87,0
DA:89,0
DA:90,0
DA:91,0
DA:92,0
DA:93,0
DA:94,0
DA:97,0
DA:98,0
DA:99,0
DA:100,0
DA:101,0
DA:102,0
DA:106,0
DA:107,0
DA:108,0
DA:109,0
DA:110,0
DA:113,0
DA:121,0
LF:42
LH:0
BRDA:15,0,0,0
BRDA:16,1,0,0
BRDA:17,2,0,0
BRDA:19,3,0,0
BRDA:19,3,1,0
BRDA:28,4,0,0
BRDA:28,4,1,0
BRDA:54,5,0,0
BRDA:54,5,1,0
BRDA:54,6,0,0
BRDA:54,6,1,0
BRDA:62,7,0,0
BRDA:62,7,1,0
BRDA:64,8,0,0
BRDA:64,8,1,0
BRDA:89,9,0,0
BRDA:89,9,1,0
BRDA:92,10,0,0
BRDA:92,10,1,0
BRDA:99,11,0,0
BRDA:99,11,1,0
BRDA:99,12,0,0
BRDA:99,12,1,0
BRDA:106,13,0,0
BRDA:106,13,1,0
BRDA:108,14,0,0
BRDA:108,14,1,0
BRDA:108,15,0,0
BRDA:108,15,1,0
BRDA:109,16,0,0
BRDA:109,16,1,0
BRF:31
BRH:0
end_of_record
TN:
SF:src\services\ssl.ts
FN:17,generateSelfSignedCert
FN:45,requestCertificate
FN:82,checkRenewals
FN:105,getCertificate
FN:109,getSSLStatus
FN:112,(anonymous_5)
FNF:6
FNH:0
FNDA:0,generateSelfSignedCert
FNDA:0,requestCertificate
FNDA:0,checkRenewals
FNDA:0,getCertificate
FNDA:0,getSSLStatus
FNDA:0,(anonymous_5)
DA:12,0
DA:13,0
DA:15,0
DA:18,0
DA:24,0
DA:25,0
DA:26,0
DA:28,0
DA:30,0
DA:34,0
DA:42,0
DA:46,0
DA:50,0
DA:51,0
DA:54,0
DA:55,0
DA:56,0
DA:60,0
DA:65,0
DA:67,0
DA:69,0
DA:79,0
DA:83,0
DA:87,0
DA:89,0
DA:90,0
DA:92,0
DA:96,0
DA:97,0
DA:98,0
DA:102,0
DA:106,0
DA:110,0
DA:112,0
LF:34
LH:0
BRDA:50,0,0,0
BRDA:50,0,1,0
BRDA:50,1,0,0
BRDA:50,1,1,0
BRDA:54,2,0,0
BRDA:54,2,1,0
BRDA:56,3,0,0
BRDA:56,3,1,0
BRDA:90,4,0,0
BRDA:90,4,1,0
BRDA:96,5,0,0
BRDA:96,5,1,0
BRDA:112,6,0,0
BRDA:112,6,1,0
BRF:14
BRH:0
end_of_record
